Using pre-set license
Built from '2020.3/staging' branch; Version is '2020.3.13f1 (71691879b7f5) revision 7432472'; Using compiler version '192528614'; Build Type 'Release'
OS: 'Windows 10 Home; OS build 19042.1110; Version 2009; 64bit' Language: 'en' Physical Memory: 12171 MB
BatchMode: 1, IsHumanControllingUs: 0, StartBugReporterOnCrash: 0, Is64bit: 1, IsPro: 0

 COMMAND LINE ARGUMENTS:
C:\Program Files\Unity\Hub\Editor\2020.3.13f1\Editor\Unity.exe
-adb2
-batchMode
-noUpm
-name
AssetImportWorker0
-projectPath
C:/Users/dlrya/OneDrive/Documents/GitHub/Group 5 Money Shower
-logFile
Logs/AssetImportWorker0.log
-srvPort
57720
Successfully changed project path to: C:/Users/dlrya/OneDrive/Documents/GitHub/Group 5 Money Shower
C:/Users/dlrya/OneDrive/Documents/GitHub/Group 5 Money Shower
Using Asset Import Pipeline V2.
Refreshing native plugins compatible for Editor in 46.38 ms, found 3 plugins.
Preloading 0 native plugins for Editor in 0.00 ms.
Initialize engine version: 2020.3.13f1 (71691879b7f5)
[Subsystems] Discovering subsystems at path C:/Program Files/Unity/Hub/Editor/2020.3.13f1/Editor/Data/Resources/UnitySubsystems
[Subsystems] Discovering subsystems at path C:/Users/dlrya/OneDrive/Documents/GitHub/Group 5 Money Shower/Assets
GfxDevice: creating device client; threaded=0
Direct3D:
    Version:  Direct3D 11.0 [level 11.1]
    Renderer: Intel(R) UHD Graphics 620 (ID=0x5917)
    Vendor:   
    VRAM:     6085 MB
    Driver:   27.20.100.8682
Initialize mono
Mono path[0] = 'C:/Program Files/Unity/Hub/Editor/2020.3.13f1/Editor/Data/Managed'
Mono path[1] = 'C:/Program Files/Unity/Hub/Editor/2020.3.13f1/Editor/Data/MonoBleedingEdge/lib/mono/unityjit'
Mono config path = 'C:/Program Files/Unity/Hub/Editor/2020.3.13f1/Editor/Data/MonoBleedingEdge/etc'
Using monoOptions --debugger-agent=transport=dt_socket,embedding=1,server=y,suspend=n,address=127.0.0.1:56284
Begin MonoManager ReloadAssembly
Registering precompiled unity dll's ...
Register platform support module: C:/Program Files/Unity/Hub/Editor/2020.3.13f1/Editor/Data/PlaybackEngines/WebGLSupport/UnityEditor.WebGL.Extensions.dll
Register platform support module: C:/Program Files/Unity/Hub/Editor/2020.3.13f1/Editor/Data/PlaybackEngines/WindowsStandaloneSupport/UnityEditor.WindowsStandalone.Extensions.dll
Registered in 0.003033 seconds.
Native extension for WindowsStandalone target not found
Native extension for WebGL target not found
Refreshing native plugins compatible for Editor in 48.23 ms, found 3 plugins.
Preloading 0 native plugins for Editor in 0.00 ms.
Mono: successfully reloaded assembly
- Completed reload, in  1.623 seconds
Platform modules already initialized, skipping
Registering precompiled user dll's ...
Registered in 0.011429 seconds.
Begin MonoManager ReloadAssembly
Native extension for WindowsStandalone target not found
Native extension for WebGL target not found
Refreshing native plugins compatible for Editor in 44.17 ms, found 3 plugins.
Preloading 0 native plugins for Editor in 0.00 ms.
Mono: successfully reloaded assembly
- Completed reload, in  1.281 seconds
Platform modules already initialized, skipping
========================================================================
Worker process is ready to serve import requests
Launched and connected shader compiler UnityShaderCompiler.exe after 0.27 seconds
Refreshing native plugins compatible for Editor in 0.49 ms, found 3 plugins.
Preloading 0 native plugins for Editor in 0.00 ms.
Unloading 2084 Unused Serialized files (Serialized files now loaded: 0)
System memory in use before: 92.9 MB.
System memory in use after: 92.9 MB.

Unloading 33 unused Assets to reduce memory usage. Loaded Objects now: 2517.
Total: 2.799300 ms (FindLiveObjects: 0.201700 ms CreateObjectMapping: 0.094500 ms MarkObjects: 2.330600 ms  DeleteObjects: 0.171400 ms)

AssetImportParameters requested are different than current active one (requested -> active):
  custom:framework-win-MediaFoundation: 216162199b28c13a410421893ffa2e32 -> 
  custom:video-decoder-ogg-theora: a1e56fd34408186e4bbccfd4996cb3dc -> 
  custom:container-muxer-webm: aa71ff27fc2769a1b78a27578f13a17b -> 
  custom:container-demuxer-webm: 4f35f7cbe854078d1ac9338744f61a02 -> 
  custom:container-demuxer-ogg: 62fdf1f143b41e24485cea50d1cbac27 -> 
  custom:video-encoder-webm-vp8: eb34c28f22e8b96e1ab97ce403110664 -> 
  custom:video-decoder-webm-vp8: 9c59270c3fd7afecdb556c50c9e8de78 -> 
  custom:audio-decoder-ogg-vorbis: bf7c407c2cedff20999df2af8eb42d56 -> 
  custom:audio-encoder-webm-vorbis: bf7c407c2cedff20999df2af8eb42d56 -> 
========================================================================
Received Import Request.
  path: Assets
  artifactKey: Guid(00000000000000001000000000000000) Importer(815301076,1909f56bfc062723c751e8b465ee728b)
Start importing Assets using Guid(00000000000000001000000000000000) Importer(815301076,1909f56bfc062723c751e8b465ee728b)  -> (artifact id: '42d402b061de3733987d63b9cc3b64de') in 0.008112 seconds 
  Import took 0.065085 seconds .

========================================================================
Received Import Request.
  Time since last request: 5.927294 seconds.
  path: Assets/Prefabs
  artifactKey: Guid(5c97c8ea9cdee9f4480911c40c51a734) Importer(815301076,1909f56bfc062723c751e8b465ee728b)
Start importing Assets/Prefabs using Guid(5c97c8ea9cdee9f4480911c40c51a734) Importer(815301076,1909f56bfc062723c751e8b465ee728b)  -> (artifact id: 'b4e68bd2c341c93e180395b8b065386e') in 0.010552 seconds 
  Import took 0.024365 seconds .

========================================================================
Received Import Request.
  Time since last request: 5.181863 seconds.
  path: Assets/Scripts
  artifactKey: Guid(6501baf88f7bbed459a94547d633c08b) Importer(815301076,1909f56bfc062723c751e8b465ee728b)
Start importing Assets/Scripts using Guid(6501baf88f7bbed459a94547d633c08b) Importer(815301076,1909f56bfc062723c751e8b465ee728b)  -> (artifact id: '388e10851136a1003f05bb7bf7b59955') in 0.015517 seconds 
  Import took 0.034188 seconds .

========================================================================
Received Import Request.
  Time since last request: 5.546945 seconds.
  path: Assets/Dev
  artifactKey: Guid(17badafb97f772e4e9e90ecf71cd9271) Importer(815301076,1909f56bfc062723c751e8b465ee728b)
Start importing Assets/Dev using Guid(17badafb97f772e4e9e90ecf71cd9271) Importer(815301076,1909f56bfc062723c751e8b465ee728b)  -> (artifact id: 'aad8c631c3c99526757b252dcf32ea0b') in 0.009111 seconds 
  Import took 0.018889 seconds .

========================================================================
Received Import Request.
  Time since last request: 7.224575 seconds.
  path: Assets/Dev/Ben
  artifactKey: Guid(af0f75fdd867f1a4cb4d0a9802dc4d68) Importer(815301076,1909f56bfc062723c751e8b465ee728b)
Start importing Assets/Dev/Ben using Guid(af0f75fdd867f1a4cb4d0a9802dc4d68) Importer(815301076,1909f56bfc062723c751e8b465ee728b)  -> (artifact id: '1733dc2d57527ed05261a4d182c7e02e') in 0.010653 seconds 
  Import took 0.062812 seconds .

========================================================================
Received Import Request.
  Time since last request: 4.556947 seconds.
  path: Assets/Dev/Dontae
  artifactKey: Guid(7e038d63509934c47b785c5ddbd83c9d) Importer(815301076,1909f56bfc062723c751e8b465ee728b)
Start importing Assets/Dev/Dontae using Guid(7e038d63509934c47b785c5ddbd83c9d) Importer(815301076,1909f56bfc062723c751e8b465ee728b)  -> (artifact id: '4bb839a44fcfa830aa737ab36954253d') in 0.011251 seconds 
  Import took 0.036426 seconds .

========================================================================
Received Import Request.
  Time since last request: 5.129215 seconds.
  path: Assets/Dev/Nasser
  artifactKey: Guid(285b913979427f444a0305fea6c599c4) Importer(815301076,1909f56bfc062723c751e8b465ee728b)
Start importing Assets/Dev/Nasser using Guid(285b913979427f444a0305fea6c599c4) Importer(815301076,1909f56bfc062723c751e8b465ee728b)  -> (artifact id: 'e98685fab6b9910c28235ced5485a06d') in 0.008734 seconds 
  Import took 0.028286 seconds .

========================================================================
Received Import Request.
  Time since last request: 12.320129 seconds.
  path: Assets/Materials
  artifactKey: Guid(2dd59a1ef007c3047a132d05fae1c5c5) Importer(815301076,1909f56bfc062723c751e8b465ee728b)
Start importing Assets/Materials using Guid(2dd59a1ef007c3047a132d05fae1c5c5) Importer(815301076,1909f56bfc062723c751e8b465ee728b)  -> (artifact id: '78e563553a7e8e50c539b3b924b91b48') in 0.015674 seconds 
  Import took 0.048510 seconds .

AssetImportWorkerClient::OnTransportError - code=2 error=End of file
